<?xml version="1.0" encoding="UTF-8"?>
<!-- Generated by org.testng.reporters.JUnitReportReporter -->
<testsuite skipped="0" hostname="DESKTOP-LM2J46M" name="wwe.test.UserTest" tests="1" failures="0" timestamp="12 Mar 2022 17:09:26 GMT" time="0.852" errors="0">
  <testcase name="changeAvatarTest" time="0.852" classname="wwe.test.UserTest"/>
</testsuite> <!-- wwe.test.UserTest -->
